Jul 06 10:01 : config: inotify: auto_update was disabled. enable during compilation phase
Jul 06 10:01 : update: added /Vossi Bop.mp3
Jul 06 10:01 : update: added /Press.mp3
Jul 06 10:01 : update: added /IT S ALL FADING TO BLACK.mp3
Jul 06 10:01 : update: added /Red Bentley (feat  Young Thug).mp3
Jul 06 10:01 : update: added /ily (i love you baby) (feat  Emilee).mp3
Jul 06 10:01 : update: added /Melodies.mp3
Jul 06 10:01 : update: added /Strawberries   Cigarettes.mp3
Jul 06 10:01 : update: added /Talking Body.mp3
Jul 06 10:01 : update: added /Nico and the Niners.mp3
Jul 06 10:01 : update: added /Shinsei Kamattechan - Boku no Sensou.mp3
Jul 06 10:01 : update: added /Dusk Till Dawn (feat  Sia) - Radio Edit.mp3
Jul 06 10:01 : update: added /Easier.mp3
Jul 06 10:01 : update: added /Just A Dream.mp3
Jul 06 10:01 : update: added /Avicii - The Nights.mp3
Jul 06 10:01 : update: added /Nirvana - Smells Like Teen Spirit.mp3
Jul 06 10:01 : update: added /before i realize.mp3
Jul 06 10:01 : update: added /Eastside (with Halsey   Khalid).mp3
Jul 06 10:01 : update: added /Lost My Lover.mp3
Jul 06 10:01 : update: added /Too Good At Goodbyes.mp3
Jul 06 10:01 : update: added /Love You Like That.mp3
Jul 06 10:01 : update: added /Daemons.mp3
Jul 06 10:01 : update: added /The Hype.mp3
Jul 06 10:01 : update: added /Formation.mp3
Jul 06 10:01 : update: added /Mercy.mp3
Jul 06 10:01 : update: added /Not Today.mp3
Jul 06 10:01 : update: added /Only Human.mp3
Jul 06 10:01 : update: added /Adore You.mp3
Jul 06 10:01 : update: added /Young Dumb   Broke.mp3
Jul 06 10:01 : update: added /Rather Be (feat  Jess Glynne).mp3
Jul 06 10:01 : update: added /Overtime.mp3
Jul 06 10:01 : update: added /Cabin Crazy.mp3
Jul 06 10:01 : update: added /Here Comes The Sun - Remastered 2009.mp3
Jul 06 10:01 : update: added /If I Can t Have You.mp3
Jul 06 10:01 : update: added /The Middle.mp3
Jul 06 10:01 : update: added /Heaven.mp3
Jul 06 10:01 : update: added /Sia - California Dreamin' .mp3
Jul 06 10:01 : update: added /Long Gone.mp3
Jul 06 10:01 : update: added /Satisfaction.mp3
Jul 06 10:01 : update: added /Sia - Breathe Me .mp3
Jul 06 10:01 : update: added /Clean Bandit - Symphony (feat. Zara Larsson).mp3
Jul 06 10:01 : update: added /Linked Horizon - Nikagetsugo no Kimi e.mp3
Jul 06 10:01 : update: added /Lemonade.mp3
Jul 06 10:01 : update: added /Fine China.mp3
Jul 06 10:01 : update: added /Cold Water.mp3
Jul 06 10:01 : update: added /Heartless.mp3
Jul 06 10:01 : update: added /Wasted (feat  Lil Uzi Vert).mp3
Jul 06 10:01 : update: added /changes.mp3
Jul 06 10:01 : update: added /Best of Me.mp3
Jul 06 10:01 : update: added /Wherever You Are.mp3
Jul 06 10:01 : update: added /Depression   Obsession.mp3
Jul 06 10:01 : update: added /Said Sum.mp3
Jul 06 10:01 : update: added /My Heart Went Oops.mp3
Jul 06 10:01 : update: added /Transformer (feat  Nicki Minaj).mp3
Jul 06 10:01 : update: added /See You Again (feat  Charlie Puth).mp3
Jul 06 10:01 : update: added /Nevermind.mp3
Jul 06 10:01 : update: added /Hero (feat  Christina Perri).mp3
Jul 06 10:01 : update: added /Unforgettable.mp3
Jul 06 10:01 : update: added /comethru.mp3
Jul 06 10:01 : ffmpeg/mp3: Estimating duration from bitrate, this may be inaccurate
Jul 06 10:01 : update: added /Eminem - Not Afraid.mp3
Jul 06 10:01 : update: added /Rumors.mp3
Jul 06 10:01 : update: added /THE SCOTTS.mp3
Jul 06 10:01 : update: added /CHASE   glass shards.mp3
Jul 06 10:01 : update: added /Moral of the Story.mp3
Jul 06 10:01 : update: added /We Paid (feat  42 Dugg).mp3
Jul 06 10:01 : update: added /Heavydirtysoul.mp3
Jul 06 10:01 : update: added /The Weeknd - Call Out My Name.mp3
Jul 06 10:01 : update: added /Man Of The Year.mp3
Jul 06 10:01 : update: added /Sia - Big Girls Cry .mp3
Jul 06 10:01 : update: added /Felt This Way.mp3
Jul 06 10:01 : update: added /Ride.mp3
Jul 06 10:01 : update: added /Common.mp3
Jul 06 10:01 : update: added /Dame Dame, Wønder - Daisy.mp3
Jul 06 10:01 : update: added /Psycho (feat  Ty Dolla $ign).mp3
Jul 06 10:01 : update: added /POPSTAR (feat  Drake).mp3
Jul 06 10:01 : update: added /Up Up And Away.mp3
Jul 06 10:01 : update: added /Too Much (feat  Timbaland).mp3
Jul 06 10:01 : update: added /Meant to Be (feat  Florida Georgia Line).mp3
Jul 06 10:01 : update: added /Bruno Mars, Anderson .Paak, Silk Sonic - Leave The Door Open.mp3
Jul 06 10:01 : update: added /Mad at Disney.mp3
Jul 06 10:01 : update: added /Blanco.mp3
Jul 06 10:01 : update: added /i m so tired   .mp3
Jul 06 10:01 : update: added /End Of The Road.mp3
Jul 06 10:01 : update: added /Higher Love.mp3
Jul 06 10:01 : update: added /All of Me.mp3
Jul 06 10:01 : update: added /The Man, The Myth, The Legend - Interlude.mp3
Jul 06 10:01 : update: added /I Want It.mp3
Jul 06 10:01 : update: added /Please Don t Go.mp3
Jul 06 10:01 : update: added /Wondering - From  High School Musical  The Musical  The Series .mp3
Jul 06 10:01 : update: added /Don t Call Me Up.mp3
Jul 06 10:01 : update: added /Justin Bieber - Peaches (feat. Daniel Caesar & Giveon).mp3
Jul 06 10:01 : update: added /Solo (feat  Demi Lovato).mp3
Jul 06 10:01 : update: added /Girls Like Girls.mp3
Jul 06 10:01 : ffmpeg/mp3: Estimating duration from bitrate, this may be inaccurate
Jul 06 10:01 : update: added /J. Cole - Work Out.mp3
Jul 06 10:01 : update: added /RIP Roach.mp3
Jul 06 10:01 : update: added /introduction.mp3
Jul 06 10:01 : update: added /Harleys In Hawaii.mp3
Jul 06 10:01 : update: added /24K Magic.mp3
Jul 06 10:01 : update: added /Morph.mp3
Jul 06 10:01 : update: added /I ll Be Fine.mp3
Jul 06 10:01 : update: added /all the kids are depressed.mp3
Jul 06 10:01 : update: added /Sia - Salted Wound (From The Fifty Shades Of Grey Soundtrack) .mp3
Jul 06 10:01 : update: added /Shout Out to My Ex.mp3
Jul 06 10:01 : update: added /Hot Gyal.mp3
Jul 06 10:01 : update: added /Heartbreak Girl.mp3
Jul 06 10:01 : update: added /rockstar (feat  21 Savage).mp3
Jul 06 10:01 : update: added /How Things Used to Be.mp3
Jul 06 10:01 : update: added /Silence.mp3
Jul 06 10:01 : update: added /Eminem Feat. Rihanna - Love The Way You Lie.mp3
Jul 06 10:01 : update: added /I Like Me Better.mp3
Jul 06 10:01 : update: added /Cradles.mp3
Jul 06 10:01 : update: added /Vuelvo a Nacer.mp3
Jul 06 10:01 : update: added /I Took A Pill In Ibiza - Seeb Remix.mp3
Jul 06 10:01 : update: added /Conquer Or Die.mp3
Jul 06 10:01 : update: added /Fall Away.mp3
Jul 06 10:01 : update: added /Fuck Love (feat  Trippie Redd).mp3
Jul 06 10:01 : update: added /24kGoldn - Mood (feat. iann dior).mp3
Jul 06 10:01 : update: added /THE ONLY TIME I FEEL ALIVE.mp3
Jul 06 10:01 : update: added /Call Me Maybe.mp3
Jul 06 10:01 : update: added /The Judge.mp3
Jul 06 10:01 : update: added /Gold.mp3
Jul 06 10:01 : update: added /Personal.mp3
Jul 06 10:01 : update: added /Stressed Out.mp3
Jul 06 10:01 : update: added /8 Letters.mp3
Jul 06 10:01 : update: added /It Ain t Me (with Selena Gomez).mp3
Jul 06 10:01 : update: added /MIDDLE CHILD.mp3
Jul 06 10:01 : update: added /The Greatest.mp3
Jul 06 10:01 : update: added /Insomnia.mp3
Jul 06 10:01 : update: added /Shotgun.mp3
Jul 06 10:01 : update: added /Phases.mp3
Jul 06 10:01 : update: added /Come   Go (with Marshmello).mp3
Jul 06 10:01 : update: added /Hope.mp3
Jul 06 10:01 : update: added /How Do You Sleep .mp3
Jul 06 10:01 : update: added /fast.mp3
Jul 06 10:01 : update: added /Shawn Mendes - Monster.mp3
Jul 06 10:01 : update: added /Afterlife.mp3
Jul 06 10:01 : update: added /Ode to Sleep.mp3
Jul 06 10:01 : update: added /Sunshine.mp3
Jul 06 10:01 : update: added /Trees.mp3
Jul 06 10:01 : update: added /YuNg BrAtZ.mp3
Jul 06 10:01 : update: added /wanna grow old (i won t let go).mp3
Jul 06 10:01 : update: added /Falling.mp3
Jul 06 10:01 : update: added /Anxiety - Intro.mp3
Jul 06 10:01 : update: added /PILLOWTALK.mp3
Jul 06 10:01 : update: added /Righteous.mp3
Jul 06 10:01 : update: added /Oxy (feat  Lil Wayne).mp3
Jul 06 10:01 : update: added /Shallow.mp3
Jul 06 10:01 : update: added /Sia - Move Your Body .mp3
Jul 06 10:01 : update: added /Ain t Nobody (Loves Me Better) (feat  Jasmine Thompson).mp3
Jul 06 10:01 : update: added /Cake By The Ocean.mp3
Jul 06 10:01 : update: added /Chicken Noodle Soup (feat  Becky G).mp3
Jul 06 10:01 : update: added /Into You.mp3
Jul 06 10:01 : update: added /OUT WEST (feat  Young Thug).mp3
Jul 06 10:01 : update: added /Waves - Robin Schulz Radio Edit.mp3
Jul 06 10:01 : update: added /The Run and Go.mp3
Jul 06 10:01 : update: added /My Blood.mp3
Jul 06 10:01 : update: added /LIMBO.mp3
Jul 06 10:01 : update: added /SOS.mp3
Jul 06 10:01 : update: added /Revenge.mp3
Jul 06 10:01 : update: added /Realer N Realer.mp3
Jul 06 10:01 : update: added /Coldplay - Yellow .mp3
Jul 06 10:01 : update: added /Hard Work Pays Off.mp3
Jul 06 10:01 : update: added /Pain 1993 (with Playboi Carti).mp3
Jul 06 10:01 : update: added /Wolves.mp3
Jul 06 10:01 : update: added /No Issue.mp3
Jul 06 10:01 : update: added /Green Day - Boulevard of Broken Dreams.mp3
Jul 06 10:01 : update: added /Memories.mp3
Jul 06 10:01 : update: added /YUNGBLUD - parents.mp3
Jul 06 10:01 : update: added /Jumpsuit.mp3
Jul 06 10:01 : update: added /I Don t Mind.mp3
Jul 06 10:01 : update: added /Kill My Vibe.mp3
Jul 06 10:01 : update: added /Ain t Livin Right (feat  Gunna).mp3
Jul 06 10:01 : update: added /Look Back at It.mp3
Jul 06 10:01 : update: added /Sia - Reaper .mp3
Jul 06 10:01 : update: added /Both Sides (feat  Lil Baby).mp3
Jul 06 10:01 : update: added /Skrillex - First Of The Year (Equinox).mp3
Jul 06 10:01 : update: added /SICKO MODE.mp3
Jul 06 10:01 : update: added /Cancer.mp3
Jul 06 10:01 : update: added /Can t Die.mp3
Jul 06 10:01 : update: added /Screen.mp3
Jul 06 10:01 : update: added /Young and Reckless.mp3
Jul 06 10:01 : update: added /Linked Horizon - Shinzo wo Sasageyo!.mp3
Jul 06 10:01 : update: added /Fresh Air.mp3
Jul 06 10:01 : update: added /Stay (Don t Go Away) [feat  Raye].mp3
Jul 06 10:01 : update: added /I Changed Her Life.mp3
Jul 06 10:01 : update: added /Say So.mp3
Jul 06 10:01 : update: added /Hate The Other Side (with Marshmello   The Kid Laroi).mp3
Jul 06 10:01 : update: added /the remedy for a broken heart (why am I so in love).mp3
Jul 06 10:01 : update: added /11 PM.mp3
Jul 06 10:01 : update: added /One Kiss (with Dua Lipa).mp3
Jul 06 10:01 : update: added /Ikurru, Gray Fox - For You.mp3
Jul 06 10:01 : update: added /R U Crazy.mp3
Jul 06 10:01 : update: added /Lips Are Movin.mp3
Jul 06 10:01 : update: added /Dua Lipa - Levitating.mp3
Jul 06 10:01 : update: added /Ex Bitch.mp3
Jul 06 10:01 : update: added /If I Could Fly.mp3
Jul 06 10:01 : update: added /Betrayal - Skit.mp3
Jul 06 10:01 : update: added /SyKo - #BrooklynBloodPop!.mp3
Jul 06 10:01 : update: added /Heathens.mp3
Jul 06 10:01 : update: added /Olivia Rodrigo - drivers license.mp3
Jul 06 10:01 : update: added /Holding on to You.mp3
Jul 06 10:01 : update: added /Linked Horizon - Guren no Yumiya.mp3
Jul 06 10:01 : update: added /Smile (with The Weeknd).mp3
Jul 06 10:01 : update: added /Take Me to Church.mp3
Jul 06 10:01 : update: added /Looking for a Star.mp3
Jul 06 10:01 : update: added /The Kid Laroi - WITHOUT YOU.mp3
Jul 06 10:01 : update: added /Sia - Bird Set Free .mp3
Jul 06 10:01 : update: added /Wait for You.mp3
Jul 06 10:01 : update: added /Sia - Fire Meet Gasoline .mp3
Jul 06 10:01 : update: added /Ego Death (feat  Kanye West, FKA twigs   Skrillex).mp3
Jul 06 10:01 : update: added /Come Back To Me.mp3
Jul 06 10:01 : update: added /The Kid Laroi - F_CK YOU, GOODBYE (feat. Machine Gun Kelly).mp3
Jul 06 10:01 : update: added /Again (feat  XXXTENTACION).mp3
Jul 06 10:01 : update: added /Fairly Local.mp3
Jul 06 10:01 : update: added /Superficial Love.mp3
Jul 06 10:01 : update: added /Astronauts.mp3
Jul 06 10:01 : update: added /SWAG.mp3
Jul 06 10:01 : update: added /School Shooters.mp3
Jul 06 10:01 : update: added /Billie Eilish - lovely (with Khalid).mp3
Jul 06 10:01 : update: added /Sextasy.mp3
Jul 06 10:01 : update: added /Stoicism Lol.mp3
Jul 06 10:01 : update: added /FRIENDS.mp3
Jul 06 10:01 : update: added /Ikurru, Gray Fox - Blood on the Sunflower.mp3
Jul 06 10:01 : update: added /NorthStar - Remix.mp3
Jul 06 10:01 : update: added /I Like It.mp3
Jul 06 10:01 : update: added /Graveyard.mp3
Jul 06 10:01 : update: added /Living With No One.mp3
Jul 06 10:01 : update: added /Selphius - Torikago.mp3
Jul 06 10:01 : update: added /Panini - DaBaby Remix.mp3
Jul 06 10:01 : update: added /Car Radio.mp3
Jul 06 10:01 : update: added /Disturbia.mp3
Jul 06 10:01 : update: added /I m Still.mp3
Jul 06 10:01 : update: added /Stay High.mp3
Jul 06 10:01 : update: added /Wishing Well.mp3
Jul 06 10:01 : update: added /Yung Frown - Macintosh Plus 2k18.mp3
Jul 06 10:01 : update: added /break up with your girlfriend, i m bored.mp3
Jul 06 10:01 : update: added /Take Care of You.mp3
Jul 06 10:01 : update: added /Past Life.mp3
Jul 06 10:01 : update: added /7 rings.mp3
Jul 06 10:01 : update: added /Thinking out Loud.mp3
Jul 06 10:01 : update: added /Eat It Up.mp3
Jul 06 10:01 : update: added /Time of Our Lives.mp3
Jul 06 10:01 : update: added /Glowing in the Dark.mp3
Jul 06 10:01 : update: added /No Candle No Light (feat  Nicki Minaj).mp3
Jul 06 10:01 : update: added /Cheerleader - Felix Jaehn Remix Radio Edit.mp3
Jul 06 10:01 : update: added /fuck, i m lonely (with Anne-Marie).mp3
Jul 06 10:01 : update: added /Without You.mp3
Jul 06 10:01 : update: added /Scared Of Love.mp3
Jul 06 10:01 : update: added /Treat You Better.mp3
Jul 06 10:01 : update: added /Sia - Footprints .mp3
Jul 06 10:01 : update: added /Let It Be - Remastered 2009.mp3
Jul 06 10:01 : update: added /Savage.mp3
Jul 06 10:01 : update: added /Orphans.mp3
Jul 06 10:01 : update: added /Youngblood.mp3
Jul 06 10:01 : update: added /Sia - Alive .mp3
Jul 06 10:01 : update: added /Location.mp3
Jul 06 10:01 : update: added /Living Proof.mp3
Jul 06 10:01 : update: added /Sour Diesel.mp3
Jul 06 10:01 : update: added /Fingers.mp3
Jul 06 10:01 : update: added /Public - Make You Mine.mp3
Jul 06 10:01 : update: added /Bitch Lasagna.mp3
Jul 06 10:01 : update: added /Stand Still.mp3
Jul 06 10:01 : update: added /Ikurru, Gray Fox - Ortni.mp3
Jul 06 10:01 : update: added /Royalty.mp3
Jul 06 10:01 : update: added /Another Brick in the Wall, Pt  2.mp3
Jul 06 10:01 : update: added /CJ - Whoopty.mp3
Jul 06 10:01 : update: added /Godzilla (feat  Juice WRLD).mp3
Jul 06 10:01 : update: added /Dance Monkey.mp3
Jul 06 10:01 : update: added /Together.mp3
Jul 06 10:01 : update: added /Take A Step Back.mp3
Jul 06 10:01 : update: added /Lovesick.mp3
Jul 06 10:01 : update: added /Dance To This (feat  Ariana Grande).mp3
Jul 06 10:01 : update: added /Twenty One Pilots - Choker.mp3
Jul 06 10:01 : update: added /Dynamite.mp3
Jul 06 10:01 : update: added /Nicotine.mp3
Jul 06 10:01 : update: added /UGLY.mp3
Jul 06 10:01 : update: added /Strongest (Alan Walker Remix).mp3
Jul 06 10:01 : update: added /TK from Ling tosite sigure - unravel.mp3
Jul 06 10:01 : update: added /SLOW DANCING IN THE DARK.mp3
Jul 06 10:01 : update: added /Make It Back.mp3
Jul 06 10:01 : update: added /Rockabye (feat  Sean Paul   Anne-Marie).mp3
Jul 06 10:01 : update: added /Coldplay - Viva La Vida .mp3
Jul 06 10:01 : update: added /Goodbyes (feat  Young Thug).mp3
Jul 06 10:01 : update: added /Polarize.mp3
Jul 06 10:01 : update: added /Mika Nakashima - KISS OF DEATH.mp3
Jul 06 10:01 : update: added /Love Me or Leave Me.mp3
Jul 06 10:01 : update: added /Just for Now.mp3
Jul 06 10:01 : update: added /Sia - Broken Glass .mp3
Jul 06 10:01 : update: added /Uptown Funk (feat  Bruno Mars).mp3
Jul 06 10:01 : update: added /Good Guy.mp3
Jul 06 10:01 : update: added /Rainberry.mp3
Jul 06 10:01 : update: added /Beautiful People (feat  Khalid).mp3
Jul 06 10:01 : update: added /ATTENTION!.mp3
Jul 06 10:01 : update: added /911.mp3
Jul 06 10:01 : update: added /Shayne Orok - Fukashigi no Carte - Seishun Buta Yarou wa Bunny Girl Senpai no Yume wo Minai.mp3
Jul 06 10:01 : update: added /Stitches.mp3
Jul 06 10:01 : update: added /Cool Kids.mp3
Jul 06 10:01 : update: added /Despacito - Remix.mp3
Jul 06 10:01 : update: added /hot girl bummer.mp3
Jul 06 10:01 : update: added /Armed And Dangerous.mp3
Jul 06 10:01 : update: added /HEARTEATER.mp3
Jul 06 10:01 : update: added /Tom Walker - Just You and I.mp3
Jul 06 10:01 : update: added /Ruin My Life.mp3
Jul 06 10:01 : update: added /Habits (Stay High).mp3
Jul 06 10:01 : update: added /Bank Account.mp3
Jul 06 10:01 : update: added /Twenty One Pilots - Shy Away.mp3
Jul 06 10:01 : update: added /Green Day - 21 Guns.mp3
Jul 06 10:01 : update: added /Say to You.mp3
Jul 06 10:01 : update: added /I Don t Wanna Do This Anymore.mp3
Jul 06 10:01 : update: added /SAD!.mp3
Jul 06 10:01 : update: added /Fake You Out.mp3
Jul 06 10:01 : update: added /You Are The Reason.mp3
Jul 06 10:01 : update: added /ROXANNE.mp3
Jul 06 10:01 : update: added /Wake Me Up.mp3
Jul 06 10:01 : update: added /Make You Mine.mp3
Jul 06 10:01 : update: added /Holding On.mp3
Jul 06 10:01 : update: added /Guns for Hands.mp3
Jul 06 10:01 : update: added /Boys Like You - Acoustic.mp3
Jul 06 10:01 : update: added /I Don t Care.mp3
Jul 06 10:01 : update: added /Lie To Me.mp3
Jul 06 10:01 : update: added /In My Mind.mp3
Jul 06 10:01 : update: added /Missing You.mp3
Jul 06 10:01 : update: added /Get You The Moon (feat  Snøw).mp3
Jul 06 10:01 : update: added /Giant (with Rag n Bone Man).mp3
Jul 06 10:01 : update: added /Back At It (feat  Lil Baby).mp3
Jul 06 10:01 : update: added /Ashnikko - Slumber Party (feat. Princess Nokia).mp3
Jul 06 10:01 : update: added /You Reposted in the Wrong Neighborhood I Glue70 Mashup.mp3
Jul 06 10:01 : update: added /Still Got Time (feat  PARTYNEXTDOOR).mp3
Jul 06 10:01 : update: added /Photograph.mp3
Jul 06 10:01 : update: added /I miss you, I’m sorry.mp3
Jul 06 10:01 : update: added /Screw Juice.mp3
Jul 06 10:01 : update: added /Dripset.mp3
Jul 06 10:01 : update: added /Cool.mp3
Jul 06 10:01 : update: added /Somebody To You.mp3
Jul 06 10:01 : update: added /Your Song.mp3
Jul 06 10:01 : update: added /Push My Luck.mp3
Jul 06 10:01 : update: added /Everybody Dies In Their Nightmares.mp3
Jul 06 10:01 : update: added /Feel It Still.mp3
Jul 06 10:01 : update: added /God is a woman.mp3
Jul 06 10:01 : update: added /All Of That.mp3
Jul 06 10:01 : update: added /Robbery.mp3
Jul 06 10:01 : update: added /Ecstasy.mp3
Jul 06 10:01 : update: added /We Don t Believe What s on TV.mp3
Jul 06 10:01 : update: added /You Need To Calm Down.mp3
Jul 06 10:01 : update: added /Carry On.mp3
Jul 06 10:01 : update: added /Sia - Clap Your Hands .mp3
Jul 06 10:01 : update: added /Message Man.mp3
Jul 06 10:01 : update: added /Bazzi - Mine.mp3
Jul 06 10:01 : update: added /Rihanna - Princess of China .mp3
Jul 06 10:01 : update: added /A Sky Full of Stars.mp3
Jul 06 10:01 : update: added /Anymore.mp3
Jul 06 10:01 : update: added /DOLLAZ ON MY HEAD (feat  Young Thug).mp3
Jul 06 10:01 : update: added /Saturday Nights.mp3
Jul 06 10:01 : update: added /Antisocial (with Travis Scott).mp3
Jul 06 10:01 : update: added /Call You Mine.mp3
Jul 06 10:01 : update: added /Trampoline (with ZAYN).mp3
Jul 06 10:01 : update: added /Icarus Interlude.mp3
Jul 06 10:01 : update: added /Used to You.mp3
Jul 06 10:01 : update: added /Tonight.mp3
Jul 06 10:01 : update: added /Closer.mp3
Jul 06 10:01 : update: added /Behind Barz - Bonus.mp3
Jul 06 10:01 : update: added /GO (feat  Juice WRLD).mp3
Jul 06 10:01 : update: added /next 2 me.mp3
Jul 06 10:01 : update: added /Let Me.mp3
Jul 06 10:01 : update: added /7 Years.mp3
Jul 06 10:01 : update: added /Without Me.mp3
Jul 06 10:01 : update: added /La Da Dee.mp3
Jul 06 10:01 : update: added /Titanic.mp3
Jul 06 10:01 : update: added /Linked Horizon - Guren no Yumiya Tv Size Ver..mp3
Jul 06 10:01 : update: added /Play Date.mp3
Jul 06 10:01 : update: added /One Day.mp3
Jul 06 10:01 : update: added /Sia - Unstoppable .mp3
Jul 06 10:01 : update: added /Tate McRae - you broke me first.mp3
Jul 06 10:01 : update: added /Laugh Now Cry Later (feat  Lil Durk).mp3
Jul 06 10:01 : update: added /deadman 死人, Shibayan - Omae Wa Mou - Tiny Little Adiantum Remix.mp3
Jul 06 10:01 : update: added /Sia - I Go To Sleep .mp3
Jul 06 10:01 : update: added /OMG.mp3
Jul 06 10:01 : update: added /The Bigger Picture.mp3
Jul 06 10:01 : update: added /Someone To You.mp3
Jul 06 10:01 : update: added /NUMB.mp3
Jul 06 10:01 : update: added /Bella Poarch - Build a Bitch.mp3
Jul 06 10:01 : update: added /Sia - Cheap Thrills .mp3
Jul 06 10:01 : update: added /Neon Gravestones.mp3
Jul 06 10:01 : update: added /Kaiya - Giorno's Theme Type Beat.mp3
Jul 06 10:01 : update: added /Curse.mp3
Jul 06 10:01 : update: added /ILLENIUM - Crashing (feat. Bahari).mp3
Jul 06 10:01 : update: added /ElyOtto - SugarCrash!.mp3
Jul 06 10:01 : update: added /Scripted.mp3
Jul 06 10:01 : update: added /My My My!.mp3
Jul 06 10:01 : update: added /Bruno Mars - Leave The Door Open.mp3
Jul 06 10:01 : update: added /death bed (coffee for your head).mp3
Jul 06 10:01 : update: added /Voss.mp3
Jul 06 10:01 : update: added /Slipknot.mp3
Jul 06 10:01 : update: added /Promises (with Sam Smith).mp3
Jul 06 10:01 : update: added /Talk To Me.mp3
Jul 06 10:01 : update: added /If I Got You.mp3
Jul 06 10:01 : update: added /Look At Me!.mp3
Jul 06 10:01 : update: added /Dua Lipa - Levitating (feat. DaBaby).mp3
Jul 06 10:01 : update: added /Conversations.mp3
Jul 06 10:01 : update: added /2002.mp3
Jul 06 10:01 : update: added /No Control.mp3
Jul 06 10:01 : update: added /The Hills.mp3
Jul 06 10:01 : update: added /Can We Kiss Forever .mp3
Jul 06 10:01 : update: added /Different (feat  Yung Bans).mp3
Jul 06 10:01 : update: added /Havana (feat  Young Thug).mp3
Jul 06 10:01 : update: added /Black Beatles.mp3
Jul 06 10:01 : update: added /Skechers.mp3
Jul 06 10:01 : update: added /Two of Us.mp3
Jul 06 10:01 : update: added /crash burn.mp3
Jul 06 10:01 : update: added /Cheap Thrills.mp3
Jul 06 10:01 : update: added /Que Tire Pa Lante.mp3
Jul 06 10:01 : update: added /Jet Lag (feat  Young Scooter).mp3
Jul 06 10:01 : update: added /Imprint.mp3
Jul 06 10:01 : update: added /tomorrow tonight.mp3
Jul 06 10:01 : update: added /Hate Me (with Juice WRLD).mp3
Jul 06 10:01 : update: added /Chlorine.mp3
Jul 06 10:01 : update: added /Why Don t You Love Me (feat  Demi Lovato).mp3
Jul 06 10:01 : update: added /Another One Bites The Dust - Remastered 2011.mp3
Jul 06 10:01 : update: added /Follow God.mp3
Jul 06 10:01 : update: added /Old Town Road.mp3
Jul 06 10:01 : update: added /Back To Life.mp3
Jul 06 10:01 : update: added /Fighting Demons.mp3
Jul 06 10:01 : update: added /Let Me Love You.mp3
Jul 06 10:01 : update: added /Tion Wayne, Russ Millions - Body (Remix) [feat. ArrDee, E1 (3x3), ZT (3x3), Bugzy Malone, Buni, Fivio Foreign & Darkoo].mp3
Jul 06 10:01 : update: added /Shorty.mp3
Jul 06 10:01 : update: added /Black   White.mp3
Jul 06 10:01 : update: added /Karma - Skit.mp3
Jul 06 10:01 : update: added /Toosie Slide.mp3
Jul 06 10:01 : update: added /grandson - Blood  Water.mp3
Jul 06 10:01 : update: added /Used To.mp3
Jul 06 10:01 : update: added /Glad You Came.mp3
Jul 06 10:01 : update: added /Who Says.mp3
Jul 06 10:01 : update: added /Circles.mp3
Jul 06 10:01 : update: added /Want to Want Me.mp3
Jul 06 10:01 : update: added /Sista Prod - Eyes Blue Like The Atlantic, Pt. 2 (feat. Powfu, Alec Benjamin & Rxseboy).mp3
Jul 06 10:01 : update: added /Rewrite The Stars.mp3
Jul 06 10:01 : update: added /SWISH.mp3
Jul 06 10:01 : update: added /Remember You.mp3
Jul 06 10:01 : update: added /Lil Nas X - MONTERO (Call Me By Your Name).mp3
Jul 06 10:01 : update: added /Tear in My Heart.mp3
Jul 06 10:01 : update: added /Life s A Mess (feat  Halsey).mp3
Jul 06 10:01 : update: added /All Girls Are The Same.mp3
Jul 06 10:01 : ffmpeg/mp3: Estimating duration from bitrate, this may be inaccurate
Jul 06 10:01 : update: added /Drake - Headlines.mp3
Jul 06 10:01 : update: added /Sia - Elastic Heart .mp3
Jul 06 10:01 : update: added /Come My Way.mp3
Jul 06 10:01 : update: added /Natural.mp3
Jul 06 10:01 : update: added /Intro.mp3
Jul 06 10:01 : update: added /Yummy.mp3
Jul 06 10:01 : update: added /Tommy Lee (feat  Post Malone).mp3
Jul 06 10:01 : update: added /It s You.mp3
Jul 06 10:01 : update: added /Classic.mp3
Jul 06 10:01 : update: added /Jocelyn Flores.mp3
Jul 06 10:01 : update: added /One Thing Right.mp3
Jul 06 10:01 : update: added /Either.mp3
Jul 06 10:01 : update: added /Lose Yourself - From  8 Mile  Soundtrack.mp3
Jul 06 10:01 : update: added /Stellar - Ashes.mp3
Jul 06 10:01 : update: added /Can You Come Through .mp3
Jul 06 10:01 : update: added /IDGAF.mp3
Jul 06 10:01 : update: added /Ghost Of You.mp3
Jul 06 10:01 : update: added /Bad Energy.mp3
Jul 06 10:01 : update: added /HVME - Goosebumps.mp3
Jul 06 10:01 : update: added /H2O.mp3
Jul 06 10:01 : update: added /Genius (feat  Sia, Diplo, and Labrinth).mp3
Jul 06 10:01 : update: added /Sue Me.mp3
Jul 06 10:01 : update: added /Don t Start Now.mp3
Jul 06 10:01 : update: added /One Dance.mp3
Jul 06 10:01 : update: added /Bandito.mp3
Jul 06 10:01 : update: added /Bazzi - Fantasy.mp3
Jul 06 10:01 : update: added /Entertainer.mp3
Jul 06 10:01 : update: added /Banded Up (feat  XXXTENTACION).mp3
Jul 06 10:01 : update: added /Armor.mp3
Jul 06 10:01 : update: added /Ambitionz Az A Ridah.mp3
Jul 06 10:01 : update: added /Kali Uchis - telepatía.mp3
Jul 06 10:01 : ffmpeg/mp3: Estimating duration from bitrate, this may be inaccurate
Jul 06 10:01 : update: added /Freesol - Role Model ft. Justin Timerlake.mp3
Jul 06 10:01 : update: added /Cut My Lip.mp3
Jul 06 10:01 : update: added /Sweet but Psycho.mp3
Jul 06 10:01 : update: added /After Party.mp3
Jul 06 10:01 : update: added /New Rules.mp3
Jul 06 10:01 : update: added /The Kid Laroi - SO DONE.mp3
Jul 06 10:01 : update: added /Comatose.mp3
Jul 06 10:01 : update: added /Flight Of The Stars.mp3
Jul 06 10:01 : update: added /WHATS POPPIN (feat  DaBaby, Tory Lanez   Lil Wayne) - Remix.mp3
Jul 06 10:01 : update: added /The Woo (feat  50 Cent   Roddy Ricch).mp3
Jul 06 10:01 : update: added /bury a friend.mp3
Jul 06 10:01 : update: added /Why.mp3
Jul 06 10:01 : update: added /Sunflower - Spider-Man  Into the Spider-Verse.mp3
Jul 06 10:01 : update: added /Lush Life.mp3
Jul 06 10:01 : update: added /Savage Love (Laxed - Siren Beat).mp3
Jul 06 10:01 : update: added /Blinding Lights.mp3
Jul 06 10:01 : update: added /Cold (feat  Future).mp3
Jul 06 10:01 : update: added /Exchange.mp3
Jul 06 10:01 : update: added /Still D R E .mp3
Jul 06 10:01 : update: added /the interlude that never ends.mp3
Jul 06 10:01 : update: added /Ariana Grande - positions.mp3
Jul 06 10:01 : update: added /Stairway to Heaven - Remaster.mp3
Jul 06 10:01 : update: added /WRLD On Drugs.mp3
Jul 06 10:01 : update: added /There You Are.mp3
Jul 06 10:01 : update: added /Make It Right.mp3
Jul 06 10:01 : update: added /The Chainsmokers - Everybody Hates Me.mp3
Jul 06 10:01 : update: added /Benny Blanco - Roses.mp3
Jul 06 10:01 : update: added /Dear No One.mp3
Jul 06 10:01 : update: added /CYBEREALITYライフ - 熱帯雨林 Plaza.mp3
Jul 06 10:01 : update: added /the peggies - センチメートル.mp3
Jul 06 10:01 : update: added /Loote, gnash - 85%.mp3
Jul 06 10:01 : update: added /Moonlight.mp3
Jul 06 10:01 : update: added /Roses.mp3
Jul 06 10:01 : update: added /John Legend - All of Me.mp3
Jul 06 10:01 : update: added /All That.mp3
Jul 06 10:01 : update: added /Drag Me Down.mp3
Jul 06 10:01 : update: added /Masked Wolf - Astronaut In The Ocean.mp3
Jul 06 10:01 : update: added /High Hopes.mp3
Jul 06 10:01 : update: added /Lane Boy.mp3
Jul 06 10:01 : update: added /Roll In Peace (feat  XXXTENTACION).mp3
Jul 06 10:01 : update: added /Lil Nas X - HOLIDAY.mp3
Jul 06 10:01 : update: added /House of Gold.mp3
Jul 06 10:01 : update: added /Things We Do For Love.mp3
Jul 06 10:01 : update: added /Ikimonogakari - ブルーバード.mp3
Jul 06 10:01 : update: added /Locked Away (feat  Adam Levine).mp3
Jul 06 10:01 : update: added /Ikurru, Gray Fox - Tiger's Eye.mp3
Jul 06 10:01 : update: added /Sucker.mp3
Jul 06 10:01 : update: added /How Can I Forget.mp3
Jul 06 10:01 : update: added /The Box.mp3
Jul 06 10:01 : update: added /Juice WRLD Speaks From Heaven - Outro.mp3
Jul 06 10:01 : update: added /Rain On Me (with Ariana Grande).mp3
Jul 06 10:01 : update: added /Justin Timberlake - SexyBack (feat. Timbaland).mp3
Jul 06 10:01 : update: added /Post Malone (feat  RANI).mp3
Jul 06 10:01 : update: added /King.mp3
Jul 06 10:01 : update: added /Sunday Best.mp3
Jul 06 10:01 : update: added /Fonzi M - Beautiful World (From 'Darling in the FranXX').mp3
Jul 06 10:01 : update: added /I Love You.mp3
Jul 06 10:01 : update: added /Finders Keepers.mp3
Jul 06 10:01 : update: added /Nightmare - the WORLD.mp3
Jul 06 10:01 : update: added /Get Through It - Interlude.mp3
Jul 06 10:01 : update: added /Lauv, LANY - Mean It.mp3
Jul 06 10:01 : update: added /Oh Ms Believer.mp3
Jul 06 10:01 : update: added /Pretty Girls.mp3
Jul 06 10:01 : update: added /Mia Khalifa.mp3
Jul 06 10:01 : update: added /Triumph.mp3
Jul 06 10:01 : update: added /IDK You Yet.mp3
Jul 06 10:01 : update: added /Tequila.mp3
Jul 06 10:01 : update: added /Johnny Boy.mp3
Jul 06 10:01 : update: added /Tell Me U Luv Me (with Trippie Redd).mp3
Jul 06 10:01 : update: added /Just Like You.mp3
Jul 06 10:01 : update: added /Shape of You.mp3
Jul 06 10:01 : update: added /Candles.mp3
Jul 06 10:01 : update: added /Imagination.mp3
Jul 06 10:01 : update: added /Levitate.mp3
Jul 06 10:01 : update: added /Por Ley.mp3
Jul 06 10:01 : update: added /China.mp3
Jul 06 10:01 : update: added /Sia - One Million Bullets .mp3
Jul 06 10:01 : update: added /You Wish You Knew.mp3
Jul 06 10:01 : update: added /Thunder.mp3
Jul 06 10:01 : update: added /Blood On My Jeans.mp3
Jul 06 10:01 : update: added /Common Sense.mp3
Jul 06 10:01 : update: added /Maniac.mp3
Jul 06 10:01 : update: added /thank u, next.mp3
Jul 06 10:01 : update: added /Learn To Fly.mp3
Jul 06 10:01 : update: added /Swervin (feat  6ix9ine).mp3
Jul 06 10:01 : update: added /I Don t Care (with Justin Bieber).mp3
Jul 06 10:01 : update: added /Sia - Elastic Heart (Piano Version) .mp3
Jul 06 10:01 : update: added /Boyfriend.mp3
Jul 06 10:01 : update: added /Gospel.mp3
Jul 06 10:01 : update: added /Dancing With A Stranger (with Normani).mp3
Jul 06 10:01 : update: added /Migraine.mp3
Jul 06 10:01 : update: added /StarBoi3 - Dick (feat. Doja Cat).mp3
Jul 06 10:01 : update: added /Goner.mp3
Jul 06 10:01 : update: added /Mood Swings (feat  Lil Tjay).mp3
Jul 06 10:01 : update: added /Hurricane.mp3
Jul 06 10:01 : update: added /CAN T STOP THE FEELING! (Original Song from DreamWorks Animation s  TROLLS ).mp3
Jul 06 10:01 : update: added /Perfect.mp3
Jul 06 10:01 : update: added /Lean Wit Me.mp3
Jul 06 10:01 : update: added /Good Years.mp3
Jul 06 10:01 : update: added /Earned It (Fifty Shades Of Grey) - From The  Fifty Shades Of Grey  Soundtrack.mp3
Jul 06 10:01 : update: added /Tessa Violet - Crush.mp3
Jul 06 10:01 : update: added /Starboy.mp3
Jul 06 10:01 : update: added /Compromised.mp3
Jul 06 10:01 : update: added /Lucid Dreams.mp3
Jul 06 10:01 : update: added /Diplo - Wish (feat. Trippie Redd).mp3
Jul 06 10:01 : update: added /Rap God.mp3
Jul 06 10:01 : update: added /NI BIEN NI MAL.mp3
Jul 06 10:01 : update: added /Bad Liar.mp3
Jul 06 10:01 : update: added /Disaster.mp3
Jul 06 10:01 : update: added /Take Yourself Home.mp3
Jul 06 10:01 : update: added /Justin Bieber - Intentions.mp3
Jul 06 10:01 : ffmpeg/mp3: Estimating duration from bitrate, this may be inaccurate
Jul 06 10:01 : update: added /Lil Mosey-Blueberry Faygo.mp3
Jul 06 10:01 : update: added /Unbelievable.mp3
Jul 06 10:01 : update: added /These Days (feat  Jess Glynne, Macklemore   Dan Caplen).mp3
Jul 06 10:01 : update: added /This Is What You Came For (feat  Rihanna).mp3
Jul 06 10:01 : update: added /Be Kind (with Halsey).mp3
Jul 06 10:01 : update: added /In the Name of Love.mp3
Jul 06 10:01 : update: added /Timber (feat  Ke$ha).mp3
Jul 06 10:01 : update: added /Teeth.mp3
Jul 06 10:01 : update: added /Señorita.mp3
Jul 06 10:01 : update: added /Level of Concern.mp3
Jul 06 10:01 : update: added /Scars To Your Beautiful.mp3
Jul 06 10:01 : update: added /Sia - Chandelier .mp3
Jul 06 10:01 : update: added /Off the Wall!.mp3
Jul 06 10:01 : update: added /Quinn XCII - Stacy.mp3
Jul 06 10:01 : update: added /Dancing With Your Ghost.mp3
Jul 06 10:01 : update: added /numb the pain.mp3
Jul 06 10:01 : update: added /Hometown.mp3
Jul 06 10:01 : update: added /Attention.mp3
Jul 06 10:01 : update: added /Suncity (feat  Empress Of).mp3
Jul 06 10:01 : update: added /God s Plan.mp3
Jul 06 10:01 : update: added /Roses Remix (feat  Future).mp3
Jul 06 10:01 : update: added /Perfect Duet (Ed Sheeran   Beyoncé).mp3
Jul 06 10:01 : update: added /Happier.mp3
Jul 06 10:01 : ffmpeg/mp3: Estimating duration from bitrate, this may be inaccurate
Jul 06 10:01 : update: added /Maroon 5 ft. Christina Aguilera - Moves Like Jagger.mp3
Jul 06 10:01 : update: added /Hurt Me.mp3
Jul 06 10:01 : update: added /Smithereens.mp3
Jul 06 10:01 : update: added /bad vibes forever.mp3
Jul 06 10:01 : update: added /Sia - Sweet Design .mp3
Jul 06 10:01 : ffmpeg/mp3: Estimating duration from bitrate, this may be inaccurate
Jul 06 10:01 : update: added /Gym Class Heroes ft. Adam Levine - Stereo Hearts.mp3
Jul 06 10:01 : update: added /On My Own.mp3
Jul 06 10:01 : update: added /HIGHEST IN THE ROOM.mp3
Jul 06 10:01 : update: added /Let It Be Me.mp3
Jul 06 10:01 : update: added /Doubt.mp3
Jul 06 10:01 : update: added /Blueberry Faygo.mp3
Jul 06 10:01 : update: added /idfc.mp3
Jul 06 10:01 : update: added /777.mp3
Jul 06 10:17 : ffmpeg/mp3float: Could not update timestamps for skipped samples.
Jul 06 10:17 : ffmpeg/mp3float: Could not update timestamps for skipped samples.
Jul 06 10:18 : player: played "the peggies - センチメートル.mp3"
Jul 06 10:19 : ffmpeg/mp3float: Could not update timestamps for skipped samples.
Jul 06 10:19 : ffmpeg/mp3float: Could not update timestamps for skipped samples.
Jul 06 10:19 : ffmpeg/mp3float: Could not update timestamps for skipped samples.
Jul 06 10:19 : ffmpeg/mp3float: Could not update timestamps for skipped samples.
Jul 06 10:21 : ffmpeg/mp3float: Could not update timestamps for discarded samples.
Jul 06 10:21 : ffmpeg/mp3float: Could not update timestamps for skipped samples.
Jul 06 10:21 : player: played "Bella Poarch - Build a Bitch.mp3"
Jul 06 10:22 : ffmpeg/mp3float: Could not update timestamps for skipped samples.
Jul 06 10:22 : player: played "comethru.mp3"
Jul 06 10:22 : ffmpeg/mp3float: Could not update timestamps for skipped samples.
Jul 06 10:25 : ffmpeg/mp3float: Could not update timestamps for skipped samples.
Jul 06 10:25 : player: played "Trampoline (with ZAYN).mp3"
Jul 06 10:26 : ffmpeg/mp3float: Could not update timestamps for skipped samples.
Jul 06 10:26 : player: played "deadman 死人, Shibayan - Omae Wa Mou - Tiny Little Adiantum Remix.mp3"
Jul 06 21:05 : ffmpeg/mp3float: Could not update timestamps for skipped samples.
Jul 06 21:05 : exception: Failed to open "CoreAudio" (osx); The operation couldn’t be completed. (OSStatus error 560947818.)
Jul 06 21:05 : exception: Failed to open "CoreAudio" (osx); The operation couldn’t be completed. (OSStatus error 560947818.)
Jul 06 21:05 : player: problems opening audio device while playing "OUT WEST (feat  Young Thug).mp3"
Jul 06 21:05 : ffmpeg/mp3float: Could not update timestamps for skipped samples.
Jul 06 21:05 : exception: Failed to open "CoreAudio" (osx); The operation couldn’t be completed. (OSStatus error 560947818.)
Jul 06 21:05 : exception: Failed to open "CoreAudio" (osx); The operation couldn’t be completed. (OSStatus error 560947818.)
Jul 06 21:05 : exception: Failed to open "CoreAudio" (osx); The operation couldn’t be completed. (OSStatus error 560947818.)
Jul 06 21:05 : exception: Failed to open "CoreAudio" (osx); The operation couldn’t be completed. (OSStatus error 560947818.)
Jul 06 21:05 : exception: Failed to open "CoreAudio" (osx); The operation couldn’t be completed. (OSStatus error 560947818.)
Jul 06 21:05 : exception: Failed to open "CoreAudio" (osx); The operation couldn’t be completed. (OSStatus error 560947818.)
Jul 06 21:05 : exception: Failed to open "CoreAudio" (osx); The operation couldn’t be completed. (OSStatus error 560947818.)
Jul 06 21:05 : exception: Failed to open "CoreAudio" (osx); The operation couldn’t be completed. (OSStatus error 560947818.)
Jul 06 21:05 : ffmpeg/mp3float: Could not update timestamps for skipped samples.
Jul 06 21:05 : exception: Failed to open "CoreAudio" (osx); The operation couldn’t be completed. (OSStatus error 560947818.)
Jul 06 21:05 : exception: Failed to open "CoreAudio" (osx); The operation couldn’t be completed. (OSStatus error 560947818.)
Jul 06 21:05 : exception: Failed to open "CoreAudio" (osx); The operation couldn’t be completed. (OSStatus error 560947818.)
Jul 06 21:05 : exception: Failed to open "CoreAudio" (osx); The operation couldn’t be completed. (OSStatus error 560947818.)
Jul 06 21:05 : player: played "Justin Bieber - Peaches (feat. Daniel Caesar & Giveon).mp3"
Jul 06 21:05 : ffmpeg/mp3float: Could not update timestamps for skipped samples.
Jul 06 21:05 : exception: Failed to open "CoreAudio" (osx); The operation couldn’t be completed. (OSStatus error 560947818.)
Jul 06 21:05 : exception: Failed to open "CoreAudio" (osx); The operation couldn’t be completed. (OSStatus error 560947818.)
Jul 06 21:05 : player: problems opening audio device while playing "OUT WEST (feat  Young Thug).mp3"
Jul 06 21:05 : exception: Failed to open "CoreAudio" (osx); The operation couldn’t be completed. (OSStatus error 560947818.)
Jul 06 21:05 : exception: Failed to open "CoreAudio" (osx); The operation couldn’t be completed. (OSStatus error 560947818.)
Jul 06 21:05 : exception: Failed to open "CoreAudio" (osx); The operation couldn’t be completed. (OSStatus error 560947818.)
Jul 06 21:05 : exception: Failed to open "CoreAudio" (osx); The operation couldn’t be completed. (OSStatus error 560947818.)
Jul 06 21:05 : exception: Failed to open "CoreAudio" (osx); The operation couldn’t be completed. (OSStatus error 560947818.)
Jul 06 21:05 : exception: Failed to open "CoreAudio" (osx); The operation couldn’t be completed. (OSStatus error 560947818.)
Jul 06 21:05 : exception: Failed to open "CoreAudio" (osx); The operation couldn’t be completed. (OSStatus error 560947818.)
Jul 06 21:05 : exception: Failed to open "CoreAudio" (osx); The operation couldn’t be completed. (OSStatus error 560947818.)
Jul 06 21:05 : exception: Failed to open "CoreAudio" (osx); The operation couldn’t be completed. (OSStatus error 560947818.)
Jul 06 21:05 : exception: Failed to open "CoreAudio" (osx); The operation couldn’t be completed. (OSStatus error 560947818.)
Jul 06 21:05 : exception: Failed to open "CoreAudio" (osx); The operation couldn’t be completed. (OSStatus error 560947818.)
Jul 06 21:05 : exception: Failed to open "CoreAudio" (osx); The operation couldn’t be completed. (OSStatus error 560947818.)
Jul 06 21:06 : ffmpeg/mp3float: Could not update timestamps for skipped samples.
Jul 06 21:06 : exception: Failed to open "CoreAudio" (osx); The operation couldn’t be completed. (OSStatus error 560947818.)
Jul 06 21:06 : exception: Failed to open "CoreAudio" (osx); The operation couldn’t be completed. (OSStatus error 560947818.)
Jul 06 21:06 : ffmpeg/mp3float: Could not update timestamps for skipped samples.
Jul 06 21:06 : exception: Failed to open "CoreAudio" (osx); The operation couldn’t be completed. (OSStatus error 560947818.)
Jul 06 21:06 : exception: Failed to open "CoreAudio" (osx); The operation couldn’t be completed. (OSStatus error 560947818.)
Jul 06 21:06 : ffmpeg/mp3float: Could not update timestamps for skipped samples.
Jul 06 21:06 : exception: Failed to open "CoreAudio" (osx); The operation couldn’t be completed. (OSStatus error 560947818.)
Jul 06 21:06 : exception: Failed to open "CoreAudio" (osx); The operation couldn’t be completed. (OSStatus error 560947818.)
Jul 06 21:06 : ffmpeg/mp3float: Could not update timestamps for skipped samples.
Jul 06 21:06 : exception: Failed to open "CoreAudio" (osx); The operation couldn’t be completed. (OSStatus error 560947818.)
Jul 06 21:06 : exception: Failed to open "CoreAudio" (osx); The operation couldn’t be completed. (OSStatus error 560947818.)
Jul 06 21:06 : ffmpeg/mp3float: Could not update timestamps for skipped samples.
Jul 06 21:06 : exception: Failed to open "CoreAudio" (osx); The operation couldn’t be completed. (OSStatus error 560947818.)
Jul 06 21:06 : exception: Failed to open "CoreAudio" (osx); The operation couldn’t be completed. (OSStatus error 560947818.)
Jul 06 21:06 : ffmpeg/mp3float: Could not update timestamps for skipped samples.
Jul 06 21:06 : exception: Failed to open "CoreAudio" (osx); The operation couldn’t be completed. (OSStatus error 560947818.)
Jul 06 21:06 : exception: Failed to open "CoreAudio" (osx); The operation couldn’t be completed. (OSStatus error 560947818.)
Jul 06 21:06 : exception: Failed to open "CoreAudio" (osx); The operation couldn’t be completed. (OSStatus error 560947818.)
Jul 06 21:06 : exception: Failed to open "CoreAudio" (osx); The operation couldn’t be completed. (OSStatus error 560947818.)
Jul 06 21:06 : ffmpeg/mp3float: Could not update timestamps for skipped samples.
Jul 06 21:06 : exception: Failed to open "CoreAudio" (osx); The operation couldn’t be completed. (OSStatus error 560947818.)
Jul 06 21:06 : exception: Failed to open "CoreAudio" (osx); The operation couldn’t be completed. (OSStatus error 560947818.)
Jul 06 21:06 : ffmpeg/mp3float: Could not update timestamps for skipped samples.
Jul 06 21:06 : exception: Failed to open "CoreAudio" (osx); The operation couldn’t be completed. (OSStatus error 560947818.)
Jul 06 21:06 : exception: Failed to open "CoreAudio" (osx); The operation couldn’t be completed. (OSStatus error 560947818.)
Jul 06 21:06 : ffmpeg/mp3float: Could not update timestamps for skipped samples.
Jul 06 21:06 : exception: Failed to open "CoreAudio" (osx); The operation couldn’t be completed. (OSStatus error 560947818.)
Jul 06 21:06 : exception: Failed to open "CoreAudio" (osx); The operation couldn’t be completed. (OSStatus error 560947818.)
Jul 06 21:06 : ffmpeg/mp3float: Could not update timestamps for skipped samples.
Jul 06 21:06 : exception: Failed to open "CoreAudio" (osx); The operation couldn’t be completed. (OSStatus error 560947818.)
Jul 06 21:06 : exception: Failed to open "CoreAudio" (osx); The operation couldn’t be completed. (OSStatus error 560947818.)
Jul 06 21:06 : exception: Failed to open "CoreAudio" (osx); The operation couldn’t be completed. (OSStatus error 560947818.)
Jul 06 21:06 : ffmpeg/mp3float: Could not update timestamps for skipped samples.
Jul 06 21:06 : exception: Failed to open "CoreAudio" (osx); The operation couldn’t be completed. (OSStatus error 560947818.)
Jul 06 21:06 : ffmpeg/mp3float: Could not update timestamps for skipped samples.
Jul 06 21:06 : exception: Failed to open "CoreAudio" (osx); The operation couldn’t be completed. (OSStatus error 560947818.)
Jul 06 21:06 : exception: Failed to open "CoreAudio" (osx); The operation couldn’t be completed. (OSStatus error 560947818.)
Jul 06 21:06 : exception: Failed to open "CoreAudio" (osx); The operation couldn’t be completed. (OSStatus error 560947818.)
Jul 06 21:06 : exception: Failed to open "CoreAudio" (osx); The operation couldn’t be completed. (OSStatus error 560947818.)
Jul 06 21:06 : exception: Failed to open "CoreAudio" (osx); The operation couldn’t be completed. (OSStatus error 560947818.)
Jul 06 21:06 : exception: Failed to open "CoreAudio" (osx); The operation couldn’t be completed. (OSStatus error 560947818.)
Jul 06 21:06 : exception: Failed to open "CoreAudio" (osx); The operation couldn’t be completed. (OSStatus error 560947818.)
Jul 06 21:06 : exception: Failed to open "CoreAudio" (osx); The operation couldn’t be completed. (OSStatus error 560947818.)
Jul 06 21:06 : exception: Failed to open "CoreAudio" (osx); The operation couldn’t be completed. (OSStatus error 560947818.)
Jul 06 21:06 : exception: Failed to open "CoreAudio" (osx); The operation couldn’t be completed. (OSStatus error 560947818.)
Jul 06 21:06 : ffmpeg/mp3float: Could not update timestamps for skipped samples.
Jul 06 21:06 : exception: Failed to open "CoreAudio" (osx); The operation couldn’t be completed. (OSStatus error 560947818.)
Jul 06 21:06 : exception: Failed to open "CoreAudio" (osx); The operation couldn’t be completed. (OSStatus error 560947818.)
Jul 06 21:06 : ffmpeg/mp3float: Could not update timestamps for skipped samples.
Jul 06 21:06 : exception: Failed to open "CoreAudio" (osx); The operation couldn’t be completed. (OSStatus error 560947818.)
Jul 06 21:06 : exception: Failed to open "CoreAudio" (osx); The operation couldn’t be completed. (OSStatus error 560947818.)
Jul 06 21:06 : exception: Failed to open "CoreAudio" (osx); The operation couldn’t be completed. (OSStatus error 560947818.)
Jul 06 21:06 : exception: Failed to open "CoreAudio" (osx); The operation couldn’t be completed. (OSStatus error 560947818.)
Jul 06 21:06 : exception: Failed to open "CoreAudio" (osx); The operation couldn’t be completed. (OSStatus error 560947818.)
Jul 06 21:06 : exception: Failed to open "CoreAudio" (osx); The operation couldn’t be completed. (OSStatus error 560947818.)
Jul 06 21:06 : exception: Failed to open "CoreAudio" (osx); The operation couldn’t be completed. (OSStatus error 560947818.)
Jul 06 21:06 : exception: Failed to open "CoreAudio" (osx); The operation couldn’t be completed. (OSStatus error 560947818.)
Jul 06 21:06 : exception: Failed to open "CoreAudio" (osx); The operation couldn’t be completed. (OSStatus error 560947818.)
Jul 06 21:06 : exception: Failed to open "CoreAudio" (osx); The operation couldn’t be completed. (OSStatus error 560947818.)
Jul 06 21:06 : exception: Failed to open "CoreAudio" (osx); The operation couldn’t be completed. (OSStatus error 560947818.)
Jul 06 21:06 : exception: Failed to open "CoreAudio" (osx); The operation couldn’t be completed. (OSStatus error 560947818.)
Jul 06 21:06 : exception: Failed to open "CoreAudio" (osx); The operation couldn’t be completed. (OSStatus error 560947818.)
Jul 06 21:06 : exception: Failed to open "CoreAudio" (osx); The operation couldn’t be completed. (OSStatus error 560947818.)
Jul 06 21:06 : exception: Failed to open "CoreAudio" (osx); The operation couldn’t be completed. (OSStatus error 560947818.)
Jul 06 21:06 : exception: Failed to open "CoreAudio" (osx); The operation couldn’t be completed. (OSStatus error 560947818.)
Jul 06 21:06 : exception: Failed to open "CoreAudio" (osx); The operation couldn’t be completed. (OSStatus error 560947818.)
Jul 06 21:06 : exception: Failed to open "CoreAudio" (osx); The operation couldn’t be completed. (OSStatus error 560947818.)
Jul 06 21:06 : player: played "OUT WEST (feat  Young Thug).mp3"
Jul 06 21:06 : ffmpeg/mp3float: Could not update timestamps for skipped samples.
Jul 06 21:06 : exception: Failed to open "CoreAudio" (osx); The operation couldn’t be completed. (OSStatus error 560947818.)
Jul 06 21:06 : exception: Failed to open "CoreAudio" (osx); The operation couldn’t be completed. (OSStatus error 560947818.)
Jul 06 21:06 : player: problems opening audio device while playing "OUT WEST (feat  Young Thug).mp3"
Jul 06 21:06 : ffmpeg/mp3float: Could not update timestamps for skipped samples.
Jul 06 21:06 : exception: Failed to open "CoreAudio" (osx); The operation couldn’t be completed. (OSStatus error 560947818.)
Jul 06 21:06 : exception: Failed to open "CoreAudio" (osx); The operation couldn’t be completed. (OSStatus error 560947818.)
Jul 06 21:06 : ffmpeg/mp3float: Could not update timestamps for skipped samples.
Jul 06 21:06 : exception: Failed to open "CoreAudio" (osx); The operation couldn’t be completed. (OSStatus error 560947818.)
Jul 06 21:06 : exception: Failed to open "CoreAudio" (osx); The operation couldn’t be completed. (OSStatus error 560947818.)
Jul 06 21:08 : ffmpeg/mp3float: Could not update timestamps for skipped samples.
Jul 06 21:08 : exception: Failed to open "CoreAudio" (osx); The operation couldn’t be completed. (OSStatus error 560947818.)
Jul 06 21:08 : exception: Failed to open "CoreAudio" (osx); The operation couldn’t be completed. (OSStatus error 560947818.)
Jul 06 21:08 : ffmpeg/mp3float: Could not update timestamps for skipped samples.
Jul 06 21:08 : exception: Failed to open "CoreAudio" (osx); The operation couldn’t be completed. (OSStatus error 560947818.)
Jul 06 21:08 : exception: Failed to open "CoreAudio" (osx); The operation couldn’t be completed. (OSStatus error 560947818.)
Jul 06 21:08 : ffmpeg/mp3float: Could not update timestamps for skipped samples.
Jul 06 21:08 : exception: Failed to open "CoreAudio" (osx); The operation couldn’t be completed. (OSStatus error 560947818.)
Jul 06 21:08 : exception: Failed to open "CoreAudio" (osx); The operation couldn’t be completed. (OSStatus error 560947818.)
Jul 06 21:08 : ffmpeg/mp3float: Could not update timestamps for skipped samples.
Jul 06 21:08 : exception: Failed to open "CoreAudio" (osx); The operation couldn’t be completed. (OSStatus error 560947818.)
Jul 06 21:08 : exception: Failed to open "CoreAudio" (osx); The operation couldn’t be completed. (OSStatus error 560947818.)
Jul 06 21:08 : ffmpeg/mp3float: Could not update timestamps for skipped samples.
Jul 06 21:08 : exception: Failed to open "CoreAudio" (osx); The operation couldn’t be completed. (OSStatus error 560947818.)
Jul 06 21:08 : exception: Failed to open "CoreAudio" (osx); The operation couldn’t be completed. (OSStatus error 560947818.)
Jul 06 21:08 : ffmpeg/mp3float: Could not update timestamps for skipped samples.
Jul 06 21:08 : exception: Failed to open "CoreAudio" (osx); The operation couldn’t be completed. (OSStatus error 560947818.)
Jul 06 21:08 : exception: Failed to open "CoreAudio" (osx); The operation couldn’t be completed. (OSStatus error 560947818.)
Jul 06 21:08 : ffmpeg/mp3float: Could not update timestamps for skipped samples.
Jul 06 21:08 : exception: Failed to open "CoreAudio" (osx); The operation couldn’t be completed. (OSStatus error 560947818.)
Jul 06 21:08 : exception: Failed to open "CoreAudio" (osx); The operation couldn’t be completed. (OSStatus error 560947818.)
Jul 06 21:08 : ffmpeg/mp3float: Could not update timestamps for skipped samples.
Jul 06 21:08 : exception: Failed to open "CoreAudio" (osx); The operation couldn’t be completed. (OSStatus error 560947818.)
Jul 06 21:08 : exception: Failed to open "CoreAudio" (osx); The operation couldn’t be completed. (OSStatus error 560947818.)
Jul 06 21:08 : ffmpeg/mp3float: Could not update timestamps for skipped samples.
Jul 06 21:08 : exception: Failed to open "CoreAudio" (osx); The operation couldn’t be completed. (OSStatus error 560947818.)
Jul 06 21:08 : exception: Failed to open "CoreAudio" (osx); The operation couldn’t be completed. (OSStatus error 560947818.)
Jul 07 08:22 : exception: Failed to open "CoreAudio" (osx); The operation couldn’t be completed. (OSStatus error 560947818.)
Jul 07 08:22 : exception: Failed to open "CoreAudio" (osx); The operation couldn’t be completed. (OSStatus error 560947818.)
Jul 07 08:22 : ffmpeg/mp3float: Could not update timestamps for skipped samples.
Jul 07 08:22 : ffmpeg/mp3float: Could not update timestamps for skipped samples.
Jul 07 08:22 : exception: Failed to open "CoreAudio" (osx); The operation couldn’t be completed. (OSStatus error 560947818.)
Jul 07 08:22 : exception: Failed to open "CoreAudio" (osx); The operation couldn’t be completed. (OSStatus error 560947818.)
Jul 07 08:22 : ffmpeg/mp3float: Could not update timestamps for skipped samples.
Jul 07 08:22 : exception: Failed to open "CoreAudio" (osx); The operation couldn’t be completed. (OSStatus error 560947818.)
Jul 07 08:22 : exception: Failed to open "CoreAudio" (osx); The operation couldn’t be completed. (OSStatus error 560947818.)
Jul 07 08:22 : exception: Failed to open "CoreAudio" (osx); The operation couldn’t be completed. (OSStatus error 560947818.)
Jul 07 08:22 : exception: Failed to open "CoreAudio" (osx); The operation couldn’t be completed. (OSStatus error 560947818.)
Jul 07 08:22 : exception: Failed to open "CoreAudio" (osx); The operation couldn’t be completed. (OSStatus error 560947818.)
Jul 07 08:22 : exception: Failed to open "CoreAudio" (osx); The operation couldn’t be completed. (OSStatus error 560947818.)
Jul 07 08:22 : exception: Failed to open "CoreAudio" (osx); The operation couldn’t be completed. (OSStatus error 560947818.)
Jul 07 08:22 : exception: Failed to open "CoreAudio" (osx); The operation couldn’t be completed. (OSStatus error 560947818.)
Jul 07 08:22 : exception: Failed to open "CoreAudio" (osx); The operation couldn’t be completed. (OSStatus error 560947818.)
Jul 07 08:22 : exception: Failed to open "CoreAudio" (osx); The operation couldn’t be completed. (OSStatus error 560947818.)
Jul 07 08:23 : exception: Failed to open "CoreAudio" (osx); The operation couldn’t be completed. (OSStatus error 560947818.)
Jul 07 08:23 : exception: Failed to open "CoreAudio" (osx); The operation couldn’t be completed. (OSStatus error 560947818.)
Jul 07 08:23 : player: played "ily (i love you baby) (feat  Emilee).mp3"
Jul 09 10:06 : config: inotify: auto_update was disabled. enable during compilation phase
Jul 09 10:07 : ffmpeg/mp3float: Could not update timestamps for skipped samples.
Jul 09 10:07 : ffmpeg/mp3float: Could not update timestamps for skipped samples.
Jul 09 10:07 : ffmpeg/mp3float: Could not update timestamps for skipped samples.
Jul 10 00:02 : player: played "HVME - Goosebumps.mp3"
Jul 13 11:39 : config: inotify: auto_update was disabled. enable during compilation phase
Jul 13 11:39 : ffmpeg/mp3float: Could not update timestamps for skipped samples.
Jul 13 11:39 : ffmpeg/mp3float: Could not update timestamps for skipped samples.
Jul 13 11:39 : ffmpeg/mp3float: Could not update timestamps for skipped samples.
Jul 13 11:39 : player: played "HVME - Goosebumps.mp3"
Jul 13 11:39 : ffmpeg/mp3float: Could not update timestamps for skipped samples.
Jul 13 11:42 : ffmpeg/mp3float: Could not update timestamps for discarded samples.
Jul 13 11:42 : ffmpeg/mp3float: Could not update timestamps for skipped samples.
Jul 13 11:42 : player: played "HVME - Goosebumps.mp3"
Jul 13 11:42 : player: played "Gospel.mp3"
Jul 13 11:42 : ffmpeg/mp3float: Could not update timestamps for skipped samples.
Jul 13 11:42 : player: played "HIGHEST IN THE ROOM.mp3"
Jul 13 11:42 : ffmpeg/mp3float: Could not update timestamps for skipped samples.
Jul 13 11:42 : player: played "Entertainer.mp3"
Jul 13 11:43 : ffmpeg/mp3float: Could not update timestamps for skipped samples.
Jul 13 11:44 : player: played "Entertainer.mp3"
Jul 13 11:44 : ffmpeg/mp3float: Could not update timestamps for skipped samples.
Jul 13 23:48 : player: played "ily (i love you baby) (feat  Emilee).mp3"
Jul 16 13:34 : config: inotify: auto_update was disabled. enable during compilation phase
Jul 16 13:35 : ffmpeg/mp3float: Could not update timestamps for skipped samples.
Jul 16 13:37 : ffmpeg/mp3float: Could not update timestamps for skipped samples.
Jul 16 13:37 : player: played "OUT WEST (feat  Young Thug).mp3"
Jul 16 13:39 : ffmpeg/mp3float: Could not update timestamps for skipped samples.
Jul 16 13:42 : ffmpeg/mp3float: Could not update timestamps for skipped samples.
Jul 16 13:43 : ffmpeg/mp3float: Could not update timestamps for skipped samples.
Jul 16 13:43 : ffmpeg/mp3float: Could not update timestamps for skipped samples.
Jul 16 13:44 : ffmpeg/mp3float: Could not update timestamps for skipped samples.
Jul 16 13:46 : ffmpeg/mp3float: Could not update timestamps for skipped samples.
Jul 16 13:47 : player: played "Sunday Best.mp3"
Jul 16 13:48 : ffmpeg/mp3float: Could not update timestamps for skipped samples.
Jul 16 13:48 : ffmpeg/mp3float: Could not update timestamps for skipped samples.
Jul 16 13:48 : ffmpeg/mp3float: Could not update timestamps for skipped samples.
Jul 16 16:14 : ffmpeg/mp3float: Could not update timestamps for skipped samples.
Jul 16 16:14 : exception: Failed to open "CoreAudio" (osx); The operation couldn’t be completed. (OSStatus error 560947818.)
Jul 16 16:14 : exception: Failed to open "CoreAudio" (osx); The operation couldn’t be completed. (OSStatus error 560947818.)
Jul 16 16:14 : player: problems opening audio device while playing "Dua Lipa - Levitating (feat. DaBaby).mp3"
Jul 16 16:14 : exception: Failed to open "CoreAudio" (osx); The operation couldn’t be completed. (OSStatus error 560947818.)
Jul 16 16:14 : exception: Failed to open "CoreAudio" (osx); The operation couldn’t be completed. (OSStatus error 560947818.)
Jul 16 16:14 : exception: Failed to open "CoreAudio" (osx); The operation couldn’t be completed. (OSStatus error 560947818.)
Jul 16 16:14 : exception: Failed to open "CoreAudio" (osx); The operation couldn’t be completed. (OSStatus error 560947818.)
Jul 16 16:14 : exception: Failed to open "CoreAudio" (osx); The operation couldn’t be completed. (OSStatus error 560947818.)
Jul 16 16:14 : exception: Failed to open "CoreAudio" (osx); The operation couldn’t be completed. (OSStatus error 560947818.)
Jul 16 16:14 : exception: Failed to open "CoreAudio" (osx); The operation couldn’t be completed. (OSStatus error 560947818.)
Jul 16 16:14 : exception: Failed to open "CoreAudio" (osx); The operation couldn’t be completed. (OSStatus error 560947818.)
Jul 16 16:14 : exception: Failed to open "CoreAudio" (osx); The operation couldn’t be completed. (OSStatus error 560947818.)
Jul 16 16:14 : exception: Failed to open "CoreAudio" (osx); The operation couldn’t be completed. (OSStatus error 560947818.)
Jul 16 16:14 : exception: Failed to open "CoreAudio" (osx); The operation couldn’t be completed. (OSStatus error 560947818.)
Jul 16 16:14 : exception: Failed to open "CoreAudio" (osx); The operation couldn’t be completed. (OSStatus error 560947818.)
Jul 16 16:14 : exception: Failed to open "CoreAudio" (osx); The operation couldn’t be completed. (OSStatus error 560947818.)
Jul 16 16:14 : exception: Failed to open "CoreAudio" (osx); The operation couldn’t be completed. (OSStatus error 560947818.)
Jul 16 16:14 : exception: Failed to open "CoreAudio" (osx); The operation couldn’t be completed. (OSStatus error 560947818.)
Jul 16 16:14 : exception: Failed to open "CoreAudio" (osx); The operation couldn’t be completed. (OSStatus error 560947818.)
Jul 16 16:15 : exception: Failed to open "CoreAudio" (osx); The operation couldn’t be completed. (OSStatus error 560947818.)
Jul 16 16:15 : exception: Failed to open "CoreAudio" (osx); The operation couldn’t be completed. (OSStatus error 560947818.)
Jul 16 16:15 : exception: Failed to open "CoreAudio" (osx); The operation couldn’t be completed. (OSStatus error 560947818.)
Jul 16 16:15 : exception: Failed to open "CoreAudio" (osx); The operation couldn’t be completed. (OSStatus error 560947818.)
Jul 16 16:15 : exception: Failed to open "CoreAudio" (osx); The operation couldn’t be completed. (OSStatus error 560947818.)
Jul 16 16:15 : exception: Failed to open "CoreAudio" (osx); The operation couldn’t be completed. (OSStatus error 560947818.)
Jul 16 16:15 : exception: Failed to open "CoreAudio" (osx); The operation couldn’t be completed. (OSStatus error 560947818.)
Jul 16 16:15 : exception: Failed to open "CoreAudio" (osx); The operation couldn’t be completed. (OSStatus error 560947818.)
Jul 16 16:15 : exception: Failed to open "CoreAudio" (osx); The operation couldn’t be completed. (OSStatus error 560947818.)
Jul 16 16:15 : exception: Failed to open "CoreAudio" (osx); The operation couldn’t be completed. (OSStatus error 560947818.)
Jul 16 16:15 : exception: Failed to open "CoreAudio" (osx); The operation couldn’t be completed. (OSStatus error 560947818.)
Jul 16 16:15 : exception: Failed to open "CoreAudio" (osx); The operation couldn’t be completed. (OSStatus error 560947818.)
Jul 16 16:15 : exception: Failed to open "CoreAudio" (osx); The operation couldn’t be completed. (OSStatus error 560947818.)
Jul 16 16:15 : exception: Failed to open "CoreAudio" (osx); The operation couldn’t be completed. (OSStatus error 560947818.)
Jul 16 16:15 : exception: Failed to open "CoreAudio" (osx); The operation couldn’t be completed. (OSStatus error 560947818.)
Jul 16 16:15 : exception: Failed to open "CoreAudio" (osx); The operation couldn’t be completed. (OSStatus error 560947818.)
Jul 16 16:15 : exception: Failed to open "CoreAudio" (osx); The operation couldn’t be completed. (OSStatus error 560947818.)
Jul 16 16:15 : exception: Failed to open "CoreAudio" (osx); The operation couldn’t be completed. (OSStatus error 560947818.)
Jul 16 16:15 : exception: Failed to open "CoreAudio" (osx); The operation couldn’t be completed. (OSStatus error 560947818.)
Jul 16 16:15 : exception: Failed to open "CoreAudio" (osx); The operation couldn’t be completed. (OSStatus error 560947818.)
Jul 16 16:15 : exception: Failed to open "CoreAudio" (osx); The operation couldn’t be completed. (OSStatus error 560947818.)
Jul 16 16:15 : exception: Failed to open "CoreAudio" (osx); The operation couldn’t be completed. (OSStatus error 560947818.)
Jul 16 16:15 : exception: Failed to open "CoreAudio" (osx); The operation couldn’t be completed. (OSStatus error 560947818.)
Jul 16 16:15 : exception: Failed to open "CoreAudio" (osx); The operation couldn’t be completed. (OSStatus error 560947818.)
Jul 16 16:15 : exception: Failed to open "CoreAudio" (osx); The operation couldn’t be completed. (OSStatus error 560947818.)
Jul 16 16:15 : exception: Failed to open "CoreAudio" (osx); The operation couldn’t be completed. (OSStatus error 560947818.)
Jul 16 16:15 : exception: Failed to open "CoreAudio" (osx); The operation couldn’t be completed. (OSStatus error 560947818.)
Jul 16 16:15 : exception: Failed to open "CoreAudio" (osx); The operation couldn’t be completed. (OSStatus error 560947818.)
Jul 16 16:15 : exception: Failed to open "CoreAudio" (osx); The operation couldn’t be completed. (OSStatus error 560947818.)
Jul 16 16:15 : exception: Failed to open "CoreAudio" (osx); The operation couldn’t be completed. (OSStatus error 560947818.)
Jul 16 16:15 : exception: Failed to open "CoreAudio" (osx); The operation couldn’t be completed. (OSStatus error 560947818.)
Jul 16 16:15 : exception: Failed to open "CoreAudio" (osx); The operation couldn’t be completed. (OSStatus error 560947818.)
Jul 16 16:15 : exception: Failed to open "CoreAudio" (osx); The operation couldn’t be completed. (OSStatus error 560947818.)
Jul 16 16:15 : exception: Failed to open "CoreAudio" (osx); The operation couldn’t be completed. (OSStatus error 560947818.)
Jul 16 16:15 : exception: Failed to open "CoreAudio" (osx); The operation couldn’t be completed. (OSStatus error 560947818.)
Jul 16 16:15 : exception: Failed to open "CoreAudio" (osx); The operation couldn’t be completed. (OSStatus error 560947818.)
Jul 16 16:15 : exception: Failed to open "CoreAudio" (osx); The operation couldn’t be completed. (OSStatus error 560947818.)
Jul 16 16:15 : exception: Failed to open "CoreAudio" (osx); The operation couldn’t be completed. (OSStatus error 560947818.)
Jul 16 16:15 : exception: Failed to open "CoreAudio" (osx); The operation couldn’t be completed. (OSStatus error 560947818.)
Jul 16 16:15 : exception: Failed to open "CoreAudio" (osx); The operation couldn’t be completed. (OSStatus error 560947818.)
Jul 16 16:15 : player: played "Dua Lipa - Levitating (feat. DaBaby).mp3"
Jul 16 16:15 : ffmpeg/mp3float: Could not update timestamps for skipped samples.
Jul 16 16:15 : exception: Failed to open "CoreAudio" (osx); The operation couldn’t be completed. (OSStatus error 560947818.)
Jul 16 16:15 : exception: Failed to open "CoreAudio" (osx); The operation couldn’t be completed. (OSStatus error 560947818.)
Jul 16 16:15 : player: problems opening audio device while playing "Moral of the Story.mp3"
Jul 16 16:15 : exception: Failed to open "CoreAudio" (osx); The operation couldn’t be completed. (OSStatus error 560947818.)
Jul 16 16:15 : exception: Failed to open "CoreAudio" (osx); The operation couldn’t be completed. (OSStatus error 560947818.)
Jul 16 16:15 : ffmpeg/mp3float: Could not update timestamps for skipped samples.
Jul 16 16:15 : exception: Failed to open "CoreAudio" (osx); The operation couldn’t be completed. (OSStatus error 560947818.)
Jul 16 16:15 : exception: Failed to open "CoreAudio" (osx); The operation couldn’t be completed. (OSStatus error 560947818.)
Jul 16 16:15 : player: played "Moral of the Story.mp3"
Jul 16 16:15 : ffmpeg/mp3float: Could not update timestamps for skipped samples.
Jul 16 16:15 : exception: Failed to open "CoreAudio" (osx); The operation couldn’t be completed. (OSStatus error 560947818.)
Jul 16 16:15 : exception: Failed to open "CoreAudio" (osx); The operation couldn’t be completed. (OSStatus error 560947818.)
Jul 16 16:15 : player: problems opening audio device while playing "Moral of the Story.mp3"
Jul 16 16:15 : ffmpeg/mp3float: Could not update timestamps for skipped samples.
Jul 16 16:15 : exception: Failed to open "CoreAudio" (osx); The operation couldn’t be completed. (OSStatus error 560947818.)
Jul 16 16:15 : exception: Failed to open "CoreAudio" (osx); The operation couldn’t be completed. (OSStatus error 560947818.)
Jul 16 16:15 : ffmpeg/mp3float: Could not update timestamps for skipped samples.
Jul 16 16:15 : exception: Failed to open "CoreAudio" (osx); The operation couldn’t be completed. (OSStatus error 560947818.)
Jul 16 16:15 : exception: Failed to open "CoreAudio" (osx); The operation couldn’t be completed. (OSStatus error 560947818.)
Jul 16 16:15 : ffmpeg/mp3float: Could not update timestamps for skipped samples.
Jul 16 16:15 : exception: Failed to open "CoreAudio" (osx); The operation couldn’t be completed. (OSStatus error 560947818.)
Jul 16 16:15 : exception: Failed to open "CoreAudio" (osx); The operation couldn’t be completed. (OSStatus error 560947818.)
Jul 16 16:15 : exception: Failed to open "CoreAudio" (osx); The operation couldn’t be completed. (OSStatus error 560947818.)
Jul 16 16:15 : exception: Failed to open "CoreAudio" (osx); The operation couldn’t be completed. (OSStatus error 560947818.)
Jul 16 16:15 : exception: Failed to open "CoreAudio" (osx); The operation couldn’t be completed. (OSStatus error 560947818.)
Jul 16 16:15 : exception: Failed to open "CoreAudio" (osx); The operation couldn’t be completed. (OSStatus error 560947818.)
Jul 16 16:15 : exception: Failed to open "CoreAudio" (osx); The operation couldn’t be completed. (OSStatus error 560947818.)
Jul 16 16:15 : exception: Failed to open "CoreAudio" (osx); The operation couldn’t be completed. (OSStatus error 560947818.)
Jul 17 00:33 : player: played "Godzilla (feat  Juice WRLD).mp3"
